[    0.000000] Initializing cgroup subsys cpuset
[    0.000000] Initializing cgroup subsys cpu
[    0.000000] Initializing cgroup subsys cpuacct
[    0.000000] Linux version 4.4.0-176-generic (buildd@lgw01-amd64-035) (gcc version 5.4.0 20160609 (Ubuntu 5.4.0-6ubuntu1~16.04.12) ) #206-Ubuntu SMP Fri Feb 28 05:02:04 UTC 2020 (Ubuntu 4.4.0-176.206-generic 4.4.211)
[    0.000000] Command line: BOOT_IMAGE=/boot/vmlinuz-4.4.0-176-generic root=LABEL=cloudimg-rootfs ro console=tty1 console=ttyS0
[    0.000000] KERNEL supported cpus:
[    0.000000]   Intel GenuineIntel
[    0.000000]   AMD AuthenticAMD
[    0.000000]   Centaur CentaurHauls
[    0.000000] x86/fpu: xstate_offset[2]:  576, xstate_sizes[2]:  256
[    0.000000] x86/fpu: Supporting XSAVE feature 0x01: 'x87 floating point registers'
[    0.000000] x86/fpu: Supporting XSAVE feature 0x02: 'SSE registers'
[    0.000000] x86/fpu: Supporting XSAVE feature 0x04: 'AVX registers'
[    0.000000] x86/fpu: Enabled xstate features 0x7, context size is 832 bytes, using 'standard' format.
[    0.000000] e820: BIOS-provided physical RAM map:
[    0.000000] BIOS-e820: [mem 0x0000000000000000-0x000000000009fbff] usable
[    0.000000] BIOS-e820: [mem 0x000000000009fc00-0x000000000009ffff] reserved
[    0.000000] BIOS-e820: [mem 0x00000000000f0000-0x00000000000fffff] reserved
[    0.000000] BIOS-e820: [mem 0x0000000000100000-0x000000003ffeffff] usable
[    0.000000] BIOS-e820: [mem 0x000000003fff0000-0x000000003fffffff] ACPI data
[    0.000000] BIOS-e820: [mem 0x00000000fec00000-0x00000000fec00fff] reserved
[    0.000000] BIOS-e820: [mem 0x00000000fee00000-0x00000000fee00fff] reserved
[    0.000000] BIOS-e820: [mem 0x00000000fffc0000-0x00000000ffffffff] reserved
[    0.000000] NX (Execute Disable) protection: active
[    0.000000] SMBIOS 2.5 present.
[    0.000000] Hypervisor detected: KVM
[    0.000000] e820: last_pfn = 0x3fff0 max_arch_pfn = 0x400000000
[    0.000000] MTRR: Disabled
[    0.000000] x86/PAT: MTRRs disabled, skipping PAT initialization too.
[    0.000000] CPU MTRRs all blank - virtualized system.
[    0.000000] x86/PAT: Configuration [0-7]: WB  WT  UC- UC  WB  WT  UC- UC  
[    0.000000] found SMP MP-table at [mem 0x0009fff0-0x0009ffff] mapped at [ffff88000009fff0]
[    0.000000] Scanning 1 areas for low memory corruption
[    0.000000] RAMDISK: [mem 0x362e0000-0x37167fff]
[    0.000000] ACPI: Early table checksum verification disabled
[    0.000000] ACPI: RSDP 0x00000000000E0000 000024 (v02 VBOX  )
[    0.000000] ACPI: XSDT 0x000000003FFF0030 00003C (v01 VBOX   VBOXXSDT 00000001 ASL  00000061)
[    0.000000] ACPI: FACP 0x000000003FFF00F0 0000F4 (v04 VBOX   VBOXFACP 00000001 ASL  00000061)
[    0.000000] ACPI: DSDT 0x000000003FFF0470 002325 (v02 VBOX   VBOXBIOS 00000002 INTL 20100528)
[    0.000000] ACPI: FACS 0x000000003FFF0200 000040
[    0.000000] ACPI: FACS 0x000000003FFF0200 000040
[    0.000000] ACPI: APIC 0x000000003FFF0240 00005C (v02 VBOX   VBOXAPIC 00000001 ASL  00000061)
[    0.000000] ACPI: SSDT 0x000000003FFF02A0 0001CC (v01 VBOX   VBOXCPUT 00000002 INTL 20100528)
[    0.000000] No NUMA configuration found
[    0.000000] Faking a node at [mem 0x0000000000000000-0x000000003ffeffff]
[    0.000000] NODE_DATA(0) allocated [mem 0x3ffeb000-0x3ffeffff]
[    0.000000] kvm-clock: Using msrs 4b564d01 and 4b564d00
[    0.000000] kvm-clock: cpu 0, msr 0:3ffe3001, primary cpu clock
[    0.000000] kvm-clock: using sched offset of 9070808798 cycles
[    0.000000] clocksource: kvm-clock: mask: 0xffffffffffffffff max_cycles: 0x1cd42e4dffb, max_idle_ns: 881590591483 ns
[    0.000000] Zone ranges:
[    0.000000]   DMA      [mem 0x0000000000001000-0x0000000000ffffff]
[    0.000000]   DMA32    [mem 0x0000000001000000-0x000000003ffeffff]
[    0.000000]   Normal   empty
[    0.000000]   Device   empty
[    0.000000] Movable zone start for each node
[    0.000000] Early memory node ranges
[    0.000000]   node   0: [mem 0x0000000000001000-0x000000000009efff]
[    0.000000]   node   0: [mem 0x0000000000100000-0x000000003ffeffff]
[    0.000000] Initmem setup node 0 [mem 0x0000000000001000-0x000000003ffeffff]
[    0.000000] ACPI: PM-Timer IO Port: 0x4008
[    0.000000] IOAPIC[0]: apic_id 2, version 32, address 0xfec00000, GSI 0-23
[    0.000000] ACPI: INT_SRC_OVR (bus 0 bus_irq 0 global_irq 2 dfl dfl)
[    0.000000] ACPI: INT_SRC_OVR (bus 0 bus_irq 9 global_irq 9 low level)
[    0.000000] Using ACPI (MADT) for SMP configuration information
[    0.000000] smpboot: Allowing 2 CPUs, 0 hotplug CPUs
[    0.000000] PM: Registered nosave memory: [mem 0x00000000-0x00000fff]
[    0.000000] PM: Registered nosave memory: [mem 0x0009f000-0x0009ffff]
[    0.000000] PM: Registered nosave memory: [mem 0x000a0000-0x000effff]
[    0.000000] PM: Registered nosave memory: [mem 0x000f0000-0x000fffff]
[    0.000000] e820: [mem 0x40000000-0xfebfffff] available for PCI devices
[    0.000000] Booting paravirtualized kernel on KVM
[    0.000000] clocksource: refined-jiffies: mask: 0xffffffff max_cycles: 0xffffffff, max_idle_ns: 7645519600211568 ns
[    0.000000] setup_percpu: NR_CPUS:512 nr_cpumask_bits:512 nr_cpu_ids:2 nr_node_ids:1
[    0.000000] PERCPU: Embedded 33 pages/cpu @ffff88003fc00000 s95448 r8192 d31528 u1048576
[    0.000000] Built 1 zonelists in Node order, mobility grouping on.  Total pages: 257912
[    0.000000] Policy zone: DMA32
[    0.000000] Kernel command line: BOOT_IMAGE=/boot/vmlinuz-4.4.0-176-generic root=LABEL=cloudimg-rootfs ro console=tty1 console=ttyS0
[    0.000000] PID hash table entries: 4096 (order: 3, 32768 bytes)
[    0.000000] Memory: 997672K/1048120K available (8626K kernel code, 1336K rwdata, 4032K rodata, 1488K init, 1292K bss, 50448K reserved, 0K cma-reserved)
[    0.000000] SLUB: HWalign=64, Order=0-3, MinObjects=0, CPUs=2, Nodes=1
[    0.000000] Kernel/User page tables isolation: enabled
[    0.000000] Hierarchical RCU implementation.
[    0.000000] 	Build-time adjustment of leaf fanout to 64.
[    0.000000] 	RCU restricting CPUs from NR_CPUS=512 to nr_cpu_ids=2.
[    0.000000] RCU: Adjusting geometry for rcu_fanout_leaf=64, nr_cpu_ids=2
[    0.000000] NR_IRQS:33024 nr_irqs:440 16
[    0.000000] Console: colour VGA+ 80x25
[    0.000000] console [tty1] enabled
[    0.000000] console [ttyS0] enabled
[    0.000000] tsc: Detected 1599.999 MHz processor
[    0.349685] Calibrating delay loop (skipped) preset value.. 3199.99 BogoMIPS (lpj=6399996)
[    0.353003] pid_max: default: 32768 minimum: 301
[    0.354578] ACPI: Core revision 20150930
[    0.358217] ACPI: 2 ACPI AML tables successfully acquired and loaded
[    0.361179] Security Framework initialized
[    0.362827] Yama: becoming mindful.
[    0.364108] AppArmor: AppArmor initialized
[    0.365694] Dentry cache hash table entries: 131072 (order: 8, 1048576 bytes)
[    0.371128] Inode-cache hash table entries: 65536 (order: 7, 524288 bytes)
[    0.373719] Mount-cache hash table entries: 2048 (order: 2, 16384 bytes)
[    0.376291] Mountpoint-cache hash table entries: 2048 (order: 2, 16384 bytes)
[    0.379177] Initializing cgroup subsys io
[    0.381189] Initializing cgroup subsys memory
[    0.382680] Initializing cgroup subsys devices
[    0.384883] Initializing cgroup subsys freezer
[    0.386465] Initializing cgroup subsys net_cls
[    0.388013] Initializing cgroup subsys perf_event
[    0.390088] Initializing cgroup subsys net_prio
[    0.391754] Initializing cgroup subsys hugetlb
[    0.393469] Initializing cgroup subsys pids
[    0.396568] mce: CPU supports 0 MCE banks
[    0.398128] Last level iTLB entries: 4KB 64, 2MB 8, 4MB 8
[    0.400455] Last level dTLB entries: 4KB 64, 2MB 0, 4MB 0, 1GB 4
[    0.402867] Spectre V1 : Mitigation: usercopy/swapgs barriers and __user pointer sanitization
[    0.407062] Spectre V2 : Mitigation: Full generic retpoline
[    0.408934] Spectre V2 : Spectre v2 / SpectreRSB mitigation: Filling RSB on context switch
[    0.412177] Speculative Store Bypass: Vulnerable
[    0.414374] MDS: Mitigation: Clear CPU buffers
[    0.420338] Freeing SMP alternatives memory: 36K
[    0.431014] ftrace: allocating 32305 entries in 127 pages
[    0.511165] smpboot: APIC(0) Converting physical 0 to logical package 0
[    0.513730] smpboot: Max logical packages: 1
[    0.515579] x2apic enabled
[    0.517110] Switched APIC routing to physical x2apic.
[    0.520458] ..TIMER: vector=0x30 apic1=0 pin1=2 apic2=-1 pin2=-1
[    0.631774] smpboot: CPU0: Intel(R) Core(TM) i5-5250U CPU @ 1.60GHz (family: 0x6, model: 0x3d, stepping: 0x4)
[    0.636317] Performance Events: unsupported p6 CPU model 61 no PMU driver, software events only.
[    0.653430] KVM setup paravirtual spinlock
[    0.656372] x86: Booting SMP configuration:
[    0.658166] .... node  #0, CPUs:      #1
[    0.660678] kvm-clock: cpu 1, msr 0:3ffe3041, secondary cpu clock
[    0.663677] mce: CPU supports 0 MCE banks
[    0.666828] x86: Booted up 1 node, 2 CPUs
[    0.668675] smpboot: Total of 2 processors activated (6399.99 BogoMIPS)
[    0.672411] devtmpfs: initialized
[    0.675653] evm: security.selinux
[    0.677223] evm: security.SMACK64
[    0.678602] evm: security.SMACK64EXEC
[    0.681097] evm: security.SMACK64TRANSMUTE
[    0.682830] evm: security.SMACK64MMAP
[    0.684988] evm: security.ima
[    0.686577] evm: security.capability
[    0.688661] clocksource: jiffies: mask: 0xffffffff max_cycles: 0xffffffff, max_idle_ns: 7645041785100000 ns
[    0.694901] futex hash table entries: 512 (order: 3, 32768 bytes)
[    0.698245] pinctrl core: initialized pinctrl subsystem
[    0.700669] RTC time: 14:12:39, date: 04/23/20
[    0.702904] NET: Registered protocol family 16
[    0.716662] cpuidle: using governor ladder
[    0.728688] cpuidle: using governor menu
[    0.730918] PCCT header not found.
[    0.732754] ACPI: bus type PCI registered
[    0.734433] acpiphp: ACPI Hot Plug PCI Controller Driver version: 0.5
[    0.737196] PCI: Using configuration type 1 for base access
[    0.755265] ACPI: Added _OSI(Module Device)
[    0.757867] ACPI: Added _OSI(Processor Device)
[    0.760041] ACPI: Added _OSI(3.0 _SCP Extensions)
[    0.762091] ACPI: Added _OSI(Processor Aggregator Device)
[    0.765598] ACPI: Executed 1 blocks of module-level executable AML code
[    0.771104] ACPI: Interpreter enabled
[    0.772914] ACPI: (supports S0 S5)
[    0.774611] ACPI: Using IOAPIC for interrupt routing
[    0.777480] PCI: Using host bridge windows from ACPI; if necessary, use "pci=nocrs" and report a bug
[    0.787761] ACPI: PCI Root Bridge [PCI0] (domain 0000 [bus 00-ff])
[    0.790746] acpi PNP0A03:00: _OSC: OS supports [ASPM ClockPM Segments MSI]
[    0.793910] acpi PNP0A03:00: _OSC: not requesting OS control; OS requires [ExtendedConfig ASPM ClockPM MSI]
[    0.797700] acpi PNP0A03:00: fail to add MMCONFIG information, can't access extended PCI configuration space under this bridge.
[    0.802934] PCI host bridge to bus 0000:00
[    0.804824] pci_bus 0000:00: root bus resource [io  0x0000-0x0cf7 window]
[    0.807476] pci_bus 0000:00: root bus resource [io  0x0d00-0xffff window]
[    0.810391] pci_bus 0000:00: root bus resource [mem 0x000a0000-0x000bffff window]
[    0.813029] pci_bus 0000:00: root bus resource [mem 0x40000000-0xfdffffff window]
[    0.816098] pci_bus 0000:00: root bus resource [bus 00-ff]
[    0.822288] pci 0000:00:01.1: legacy IDE quirk: reg 0x10: [io  0x01f0-0x01f7]
[    0.825686] pci 0000:00:01.1: legacy IDE quirk: reg 0x14: [io  0x03f6]
[    0.828164] pci 0000:00:01.1: legacy IDE quirk: reg 0x18: [io  0x0170-0x0177]
[    0.831237] pci 0000:00:01.1: legacy IDE quirk: reg 0x1c: [io  0x0376]
[    0.873715] pci 0000:00:07.0: quirk: [io  0x4000-0x403f] claimed by PIIX4 ACPI
[    0.876707] pci 0000:00:07.0: quirk: [io  0x4100-0x410f] claimed by PIIX4 SMB
[    0.897050] ACPI: PCI Interrupt Link [LNKA] (IRQs 5 9 10 *11)
[    0.900365] ACPI: PCI Interrupt Link [LNKB] (IRQs 5 9 *10 11)
[    0.904237] ACPI: PCI Interrupt Link [LNKC] (IRQs 5 *9 10 11)
[    0.907361] ACPI: PCI Interrupt Link [LNKD] (IRQs 5 9 10 *11)
[    0.910405] ACPI: Enabled 2 GPEs in block 00 to 07
[    0.912734] vgaarb: setting as boot device: PCI:0000:00:02.0
[    0.915321] vgaarb: device added: PCI:0000:00:02.0,decodes=io+mem,owns=io+mem,locks=none
[    0.919115] vgaarb: loaded
[    0.920493] vgaarb: bridge control possible 0000:00:02.0
[    0.922918] SCSI subsystem initialized
[    0.925257] ACPI: bus type USB registered
[    0.926896] usbcore: registered new interface driver usbfs
[    0.928830] usbcore: registered new interface driver hub
[    0.930631] usbcore: registered new device driver usb
[    0.932725] PCI: Using ACPI for IRQ routing
[    0.936397] NetLabel: Initializing
[    0.937833] NetLabel:  domain hash size = 128
[    0.939911] NetLabel:  protocols = UNLABELED CIPSOv4
[    0.941576] NetLabel:  unlabeled traffic allowed by default
[    0.944329] amd_nb: Cannot enumerate AMD northbridges
[    0.947513] clocksource: Switched to clocksource kvm-clock
[    0.960170] AppArmor: AppArmor Filesystem Enabled
[    0.962643] pnp: PnP ACPI init
[    0.965961] pnp: PnP ACPI: found 3 devices
[    0.979663] clocksource: acpi_pm: mask: 0xffffff max_cycles: 0xffffff, max_idle_ns: 2085701024 ns
[    0.983242] NET: Registered protocol family 2
[    0.985843] TCP established hash table entries: 8192 (order: 4, 65536 bytes)
[    0.990232] TCP bind hash table entries: 8192 (order: 5, 131072 bytes)
[    0.994379] TCP: Hash tables configured (established 8192 bind 8192)
[    0.997952] UDP hash table entries: 512 (order: 2, 16384 bytes)
[    1.001603] UDP-Lite hash table entries: 512 (order: 2, 16384 bytes)
[    1.004422] NET: Registered protocol family 1
[    1.006757] pci 0000:00:00.0: Limiting direct PCI/PCI transfers
[    1.010403] pci 0000:00:01.0: Activating ISA DMA hang workarounds
[    1.013048] Unpacking initramfs...
[    1.387156] Freeing initrd memory: 14880K
[    1.389033] RAPL PMU detected, API unit is 2^-32 Joules, 4 fixed counters 10737418240 ms ovfl timer
[    1.393705] hw unit of domain pp0-core 2^-0 Joules
[    1.395366] hw unit of domain package 2^-0 Joules
[    1.397080] hw unit of domain dram 2^-0 Joules
[    1.398945] hw unit of domain pp1-gpu 2^-0 Joules
[    1.400962] clocksource: tsc: mask: 0xffffffffffffffff max_cycles: 0x171023f09ff, max_idle_ns: 440795233615 ns
[    1.406179] platform rtc_cmos: registered platform RTC device (no PNP device found)
[    1.409935] Scanning for low memory corruption every 60 seconds
[    1.413137] audit: initializing netlink subsys (disabled)
[    1.415567] audit: type=2000 audit(1587651170.508:1): initialized
[    1.418711] Initialise system trusted keyring
[    1.425778] HugeTLB registered 2 MB page size, pre-allocated 0 pages
[    1.430254] zbud: loaded
[    1.432019] VFS: Disk quotas dquot_6.6.0
[    1.434239] VFS: Dquot-cache hash table entries: 512 (order 0, 4096 bytes)
[    1.444572] squashfs: version 4.0 (2009/01/31) Phillip Lougher
[    1.448118] fuse init (API version 7.23)
[    1.451143] Key type big_key registered
[    1.453103] Allocating IMA MOK and blacklist keyrings.
[    1.458070] Key type asymmetric registered
[    1.461307] Asymmetric key parser 'x509' registered
[    1.463463] Block layer SCSI generic (bsg) driver version 0.4 loaded (major 249)
[    1.467507] io scheduler noop registered
[    1.469238] io scheduler deadline registered (default)
[    1.471624] io scheduler cfq registered
[    1.474178] pci_hotplug: PCI Hot Plug PCI Core version: 0.5
[    1.479317] pciehp: PCI Express Hot Plug Controller Driver version: 0.4
[    1.485815] ACPI: AC Adapter [AC] (off-line)
[    1.488452] input: Power Button as /devices/LNXSYSTM:00/LNXPWRBN:00/input/input0
[    1.495337] ACPI: Power Button [PWRF]
[    1.501752] input: Sleep Button as /devices/LNXSYSTM:00/LNXSLPBN:00/input/input1
[    1.505431] ACPI: Sleep Button [SLPF]
[    1.510120] ACPI: Battery Slot [BAT0] (battery present)
[    1.512475] GHES: HEST is not enabled!
[    1.514751] Serial: 8250/16550 driver, 32 ports, IRQ sharing enabled
[    1.538661] 00:02: ttyS0 at I/O 0x3f8 (irq = 4, base_baud = 115200) is a 16550A
[    1.547975] Linux agpgart interface v0.103
[    1.554107] loop: module loaded
[    1.557348] scsi host0: ata_piix
[    1.560218] scsi host1: ata_piix
[    1.562348] ata1: PATA max UDMA/33 cmd 0x1f0 ctl 0x3f6 bmdma 0xd000 irq 14
[    1.565689] ata2: PATA max UDMA/33 cmd 0x170 ctl 0x376 bmdma 0xd008 irq 15
[    1.568095] libphy: Fixed MDIO Bus: probed
[    1.570382] tun: Universal TUN/TAP device driver, 1.6
[    1.572445] tun: (C) 1999-2004 Max Krasnyansky <maxk@qualcomm.com>
[    1.576034] PPP generic driver version 2.4.2
[    1.578971] ehci_hcd: USB 2.0 'Enhanced' Host Controller (EHCI) Driver
[    1.582425] ehci-pci: EHCI PCI platform driver
[    1.584657] ehci-platform: EHCI generic platform driver
[    1.587505] ohci_hcd: USB 1.1 'Open' Host Controller (OHCI) Driver
[    1.590137] ohci-pci: OHCI PCI platform driver
[    1.592824] ohci-platform: OHCI generic platform driver
[    1.598495] uhci_hcd: USB Universal Host Controller Interface driver
[    1.603619] i8042: PNP: PS/2 Controller [PNP0303:PS2K,PNP0f03:PS2M] at 0x60,0x64 irq 1,12
[    1.610546] serio: i8042 KBD port at 0x60,0x64 irq 1
[    1.612737] serio: i8042 AUX port at 0x60,0x64 irq 12
[    1.614876] mousedev: PS/2 mouse device common for all mice
[    1.618208] input: AT Translated Set 2 keyboard as /devices/platform/i8042/serio0/input/input2
[    1.622178] rtc_cmos rtc_cmos: rtc core: registered rtc_cmos as rtc0
[    1.627289] rtc_cmos rtc_cmos: alarms up to one day, 114 bytes nvram
[    1.632882] i2c /dev entries driver
[    1.637458] device-mapper: uevent: version 1.0.3
[    1.639818] device-mapper: ioctl: 4.34.0-ioctl (2015-10-28) initialised: dm-devel@redhat.com
[    1.645072] ledtrig-cpu: registered to indicate activity on CPUs
[    1.648673] NET: Registered protocol family 10
[    1.651410] NET: Registered protocol family 17
[    1.653084] Key type dns_resolver registered
[    1.655225] registered taskstats version 1
[    1.657130] Loading compiled-in X.509 certificates
[    1.664605] Loaded X.509 cert 'Build time autogenerated kernel key: c2b7431ed9258328a3a0cf301f850647788d8e61'
[    1.672519] zswap: loaded using pool lzo/zbud
[    1.678247] Key type trusted registered
[    1.685195] Key type encrypted registered
[    1.687296] AppArmor: AppArmor sha1 policy hashing enabled
[    1.690290] ima: No TPM chip found, activating TPM-bypass!
[    1.697336] ima: Allocated hash algorithm: sha1
[    1.701894] evm: HMAC attrs: 0x1
[    1.707907]   Magic number: 0:369:233
[    1.711079] rtc_cmos rtc_cmos: setting system clock to 2020-04-23 14:12:40 UTC (1587651160)
[    1.718634] BIOS EDD facility v0.16 2004-Jun-25, 0 devices found
[    1.721163] EDD information not available.
[    1.763056] Freeing unused kernel memory: 1488K
[    1.765118] Write protecting the kernel read-only data: 14336k
[    1.768663] Freeing unused kernel memory: 1604K
[    1.771462] Freeing unused kernel memory: 64K
Loading, please wait...
starting version 229
[    1.819191] random: systemd-udevd: uninitialized urandom read (16 bytes read, 3 bits of entropy available)
[    1.820266] random: udevadm: uninitialized urandom read (16 bytes read, 3 bits of entropy available)
[    1.820290] random: udevadm: uninitialized urandom read (16 bytes read, 3 bits of entropy available)
[    1.839321] random: udevadm: uninitialized urandom read (16 bytes read, 3 bits of entropy available)
[    1.839410] random: udevadm: uninitialized urandom read (16 bytes read, 3 bits of entropy available)
[    1.839815] random: udevadm: uninitialized urandom read (16 bytes read, 3 bits of entropy available)
[    1.839914] random: udevadm: uninitialized urandom read (16 bytes read, 3 bits of entropy available)
[    1.840003] random: udevadm: uninitialized urandom read (16 bytes read, 3 bits of entropy available)
[    1.840095] random: udevadm: uninitialized urandom read (16 bytes read, 3 bits of entropy available)
[    1.840180] random: udevadm: uninitialized urandom read (16 bytes read, 3 bits of entropy available)
[    1.979593] Fusion MPT base driver 3.04.20
[    1.983969] Copyright (c) 1999-2008 LSI Corporation
[    2.008771] e1000: Intel(R) PRO/1000 Network Driver - version 7.3.21-k8-NAPI
[    2.014079] e1000: Copyright (c) 1999-2006 Intel Corporation.
[    2.057182] Fusion MPT SPI Host driver 3.04.20
[    2.091532] AVX2 version of gcm_enc/dec engaged.
[    2.095252] AES CTR mode by8 optimization enabled
[    2.222832] input: ImExPS/2 Generic Explorer Mouse as /devices/platform/i8042/serio1/input/input4
[    2.693492] e1000 0000:00:03.0 eth0: (PCI:33MHz:32-bit) 02:90:e9:96:cf:60
[    2.700952] e1000 0000:00:03.0 eth0: Intel(R) PRO/1000 Network Connection
[    2.706656] mptbase: ioc0: Initiating bringup
[    2.772912] ioc0: LSI53C1030 A0: Capabilities={Initiator}
[    2.943583] scsi host2: ioc0: LSI53C1030 A0, FwRev=00000000h, Ports=1, MaxQ=256, IRQ=20
[    3.060170] scsi 2:0:0:0: Direct-Access     VBOX     HARDDISK         1.0  PQ: 0 ANSI: 5
[    3.065806] scsi target2:0:0: Beginning Domain Validation
[    3.070376] scsi target2:0:0: Domain Validation skipping write tests
[    3.072524] scsi target2:0:0: Ending Domain Validation
[    3.074971] scsi target2:0:0: asynchronous
[    3.077564] scsi 2:0:1:0: Direct-Access     VBOX     HARDDISK         1.0  PQ: 0 ANSI: 5
[    3.092785] scsi target2:0:1: Beginning Domain Validation
[    3.098288] scsi target2:0:1: Domain Validation skipping write tests
[    3.101972] scsi target2:0:1: Ending Domain Validation
[    3.104062] scsi target2:0:1: asynchronous
[    3.122228] sd 2:0:0:0: Attached scsi generic sg0 type 0
[    3.124897] sd 2:0:0:0: [sda] 20971520 512-byte logical blocks: (10.7 GB/10.0 GiB)
[    3.131034] sd 2:0:1:0: [sdb] 20480 512-byte logical blocks: (10.5 MB/10.0 MiB)
[    3.134692] sd 2:0:1:0: Attached scsi generic sg1 type 0
[    3.137914] sd 2:0:1:0: [sdb] Write Protect is off
[    3.140340] sd 2:0:0:0: [sda] Write Protect is off
[    3.142792] sd 2:0:1:0: [sdb] Incomplete mode parameter data
[    3.146498] sd 2:0:1:0: [sdb] Assuming drive cache: write through
[    3.149412] sd 2:0:0:0: [sda] Incomplete mode parameter data
[    3.151789] sd 2:0:0:0: [sda] Assuming drive cache: write through
[    3.156552]  sda: sda1
[    3.159841] sd 2:0:0:0: [sda] Attached SCSI disk
[    3.163456] sd 2:0:1:0: [sdb] Attached SCSI disk
[    3.679403] e1000 0000:00:08.0 eth1: (PCI:33MHz:32-bit) 08:00:27:03:d2:f5
[    3.690254] e1000 0000:00:08.0 eth1: Intel(R) PRO/1000 Network Connection
[    3.700296] e1000 0000:00:08.0 enp0s8: renamed from eth1
[    3.725549] e1000 0000:00:03.0 enp0s3: renamed from eth0
Begin: Loading essential drivers ... [    5.307698] md: linear personality registered for level -1
[    5.314455] md: multipath personality registered for level -4
[    5.323284] md: raid0 personality registered for level 0
[    5.333302] md: raid1 personality registered for level 1
[    5.407685] raid6: sse2x1   gen()  7176 MB/s
[    5.476560] raid6: sse2x1   xor()  5285 MB/s
[    5.544121] raid6: sse2x2   gen()  8909 MB/s
[    5.620192] raid6: sse2x2   xor()  3467 MB/s
[    5.691623] raid6: sse2x4   gen()  8768 MB/s
[    5.760313] raid6: sse2x4   xor()  4584 MB/s
[    5.899038] raid6: avx2x1   gen()  1706 MB/s
[    6.000422] raid6: avx2x2   gen()   917 MB/s
[    6.071667] raid6: avx2x4   gen()  3590 MB/s
[    6.106368] raid6: using algorithm sse2x2 gen() 8909 MB/s
[    6.112514] raid6: .... xor() 3467 MB/s, rmw enabled
[    6.118662] raid6: using avx2x2 recovery algorithm
[    6.133517] xor: automatically using best checksumming function:
[    6.175530]    avx       : 13783.000 MB/sec
[    6.205858] async_tx: api initialized (async)
[    6.317158] md: raid6 personality registered for level 6
[    6.320618] md: raid5 personality registered for level 5
[    6.328447] md: raid4 personality registered for level 4
[    6.361803] md: raid10 personality registered for level 10
done.
Begin: Running /scripts/init-premount ... done.
Begin: Mounting root file system ... Begin: Running /scripts/local-top ... done.
Begin: Running /scripts/local-premount ... [    6.551613] Btrfs loaded
Scanning for Btrfs filesystems
done.
Warning: fsck not present, so skipping root file system
[    6.611348] EXT4-fs (sda1): mounted filesystem with ordered data mode. Opts: (null)
done.
Begin: Running /scripts/local-bottom ... done.
Begin: Running /scripts/init-bottom ... done.
[    7.049624] systemd[1]: systemd 229 running in system mode. (+PAM +AUDIT +SELINUX +IMA +APPARMOR +SMACK +SYSVINIT +UTMP +LIBCRYPTSETUP +GCRYPT +GNUTLS +ACL +XZ -LZ4 +SECCOMP +BLKID +ELFUTILS +KMOD -IDN)
[    7.128681] systemd[1]: Detected virtualization oracle.
[    7.141858] systemd[1]: Detected architecture x86-64.

Welcome to [1mUbuntu 16.04.6 LTS[0m!

[    7.193606] systemd[1]: Set hostname to <ubuntu-xenial>.
[    7.996115] systemd[1]: Created slice System Slice.
[[0;32m  OK  [0m] Created slice System Slice.
[    8.001725] systemd[1]: Started Trigger resolvconf update for networkd DNS.
[[0;32m  OK  [0m] Started Trigger resolvconf update for networkd DNS.
[    8.007145] systemd[1]: Listening on udev Control Socket.
[[0;32m  OK  [0m] Listening on udev Control Socket.
[    8.011984] systemd[1]: Reached target System Time Synchronized.
[[0;32m  OK  [0m] Reached target System Time Synchronized.
[    8.016487] systemd[1]: Listening on Device-mapper event daemon FIFOs.
[[0;32m  OK  [0m] Listening on Device-mapper event daemon FIFOs.
[    8.021072] systemd[1]: Reached target Encrypted Volumes.
[[0;32m  OK  [0m] Reached target Encrypted Volumes.
[    8.025214] systemd[1]: Listening on /dev/initctl Compatibility Named Pipe.
[[0;32m  OK  [0m] Listening on /dev/initctl Compatibility Named Pipe.
[    8.031663] systemd[1]: Created slice system-serial\x2dgetty.slice.
[[0;32m  OK  [0m] Created slice system-serial\x2dgetty.slice.
[    8.036739] systemd[1]: Listening on udev Kernel Socket.
[[0;32m  OK  [0m] Listening on udev Kernel Socket.
[    8.041204] systemd[1]: Reached target Swap.
[[0;32m  OK  [0m] Reached target Swap.
[    8.045682] systemd[1]: Listening on Journal Socket.
[[0;32m  OK  [0m] Listening on Journal Socket.
[    8.060254] systemd[1]: Mounting Huge Pages File System...
         Mounting Huge Pages File System...
[    8.066438] systemd[1]: Starting Nameserver information manager...
         Starting Nameserver information manager...
[    8.072731] systemd[1]: Starting Set console keymap...
         Starting Set console keymap...
[    8.079855] systemd[1]: Starting Uncomplicated firewall...
         Starting Uncomplicated firewall...
[    8.086587] systemd[1]: Starting Remount Root and Kernel File Systems...
         Starting Remount Root and Kernel File Systems...
[    8.093984] systemd[1]: Mounting Debug File System...
         Mounting Debug File System...
[    8.099778] systemd[1]: Mounting POSIX Message Queue File System...
         Mounting POSIX Message Queue File System...
[    8.105597] EXT4-fs (sda1): re-mounted. Opts: (null)
[    8.108128] systemd[1]: Set up automount Arbitrary Executable File Formats File System Automount Point.
[[0;32m  OK  [0m] Set up automount Arbitrary Executab...ats File System Automount Point.
[    8.128495] systemd[1]: Listening on Journal Socket (/dev/log).
[[0;32m  OK  [0m] Listening on Journal Socket (/dev/log).
[    8.133600] systemd[1]: Started Forward Password Requests to Wall Directory Watch.
[[0;32m  OK  [0m] Started Forward Password Requests to Wall Directory Watch.
[    8.141054] systemd[1]: Listening on LVM2 poll daemon socket.
[[0;32m  OK  [0m] Listening on LVM2 poll daemon socket.
[    8.146422] systemd[1]: Listening on LVM2 metadata daemon socket.
[[0;32m  OK  [0m] Listening on LVM2 metadata daemon socket.
[    8.168249] systemd[1]: Starting Monitoring of LVM2 mirrors, snapshots etc. using dmeventd or progress polling...
         Starting Monitoring of LVM2 mirrors... dmeventd or progress polling...
[    8.176822] systemd[1]: Created slice User and Session Slice.
[[0;32m  OK  [0m] Created slice User and Session Slice.
[    8.195776] systemd[1]: Starting Load Kernel Modules...
         Starting Load Kernel Modules...
[    8.200090] systemd[1]: Reached target Slices.
[[0;32m  OK  [0m] Reached target Slices.
[    8.209133] systemd[1]: Reached target User and Group Name Lookups.
[[0;32m  OK  [0m] Reached target User and Group Name Lookups.
[    8.226414] Loading iSCSI transport class v2.0-870.
[    8.232483] systemd[1]: Starting Create list of required static device nodes for the current kernel...
         Starting Create list of required st... nodes for the current kernel...
[    8.241638] systemd[1]: Listening on Syslog Socket.
[[0;32m  OK  [0m] Listening on Syslog Socket.
[    8.248097] systemd[1]: Listening on Journal Audit Socket.
[    8.251153] iscsi: registered transport (tcp)
[[0;32m  OK  [0m] Listening on Journal Audit Socket.
[    8.276263] systemd[1]: Starting Journal Service...
         Starting Journal Service...
[    8.282007] systemd[1]: Mounted POSIX Message Queue File System.
[[0;32m  OK  [0m] Mounted POSIX Message Queue File System.
[ 
  8.287371] random: nonblocking pool is initialized
[    8.289692] systemd[1]: Mounted Huge Pages File System.
[[0;32m  OK  [0m] Mounted Huge Pages File System.
[    8.304136] systemd[1]: Mounted Debug File System.
[[0;32m  OK  [0m] Mounted Debug File System.
[    8.341033] systemd[1]: Started Set console keymap.
[[0;32m  OK  [[    8.345187] iscsi: registered transport (iser)
0m] Started Set console keymap.
[    8.349650] systemd[1]: Started Uncomplicated firewall.
[[0;32m  OK  [0m] Started Uncomplicated firewall.
[    8.354687] systemd[1]: Started Remount Root and Kernel File Systems.
[[0;32m  OK  [0m] Started Remount Root and Kernel File Systems.
[    8.362454] systemd[1]: Started Load Kernel Modules.
[[0;32m  OK  [0m] Started Load Kernel Modules.
[    8.367089] systemd[1]: Started Create list of required static device nodes for the current kernel.
[[0;32m  OK  [0m] Started Create list of required sta...ce nodes for the current kernel.
[    8.384528] systemd[1]: Started Nameserver information manager.
[[0;32m  OK  [0m] Started Nameserver information manager.
[    8.395265] systemd[1]: Started Journal Service.
[[0;32m  OK  [0m] Started Journal Service.
[[0;32m  OK  [0m] Started LVM2 metadata daemon.
         Starting Create Static Device Nodes in /dev...
         Starting Apply Kernel Variables...
         Mounting FUSE Control File System...
         Starting udev Coldplug all Devices...
         Starting Flush Journal to Persistent Storage...
         Starting Load/Save Random Seed...
[[0;32m  OK  [0m] Mounted FUSE Control File System.
[[0;32m  OK  [0m] Started Apply Kernel Variables.
[[0;32m  OK  [0m] Started Load/Save Random Seed.
[[0;32m  OK  [0m] Started Flush Journal to Persistent Storage.
[[0;32m  OK  [0m] Started Create Static Device Nodes in /dev.
[[0;32m  OK  [0m] Started udev Coldplug all Devices.
         Starting udev Kernel Device Manager...
[[0;32m  OK  [0m] Started udev Kernel Device Manager.
[[0;32m  OK  [0m] Started Dispatch Password Requests to Console Directory Watch.
[[0;32m  OK  [0m] Started Monitoring of LVM2 mirrors,...ng dmeventd or progress polling.
[[0;32m  OK  [0m] Reached target Local File Systems (Pre).
[[0;32m  OK  [0m] Reached target Local File Systems.
         Starting Set console font and keymap...
         Starting Create Volatile Files and Directories...
         Starting LSB: AppArmor initialization...
         Starting Tell Plymouth To Write Out Runtime Data...
         Starting Initial cloud-init job (pre-networking)...
[[0;32m  OK  [0m] Started Create Volatile Files and Directories.
         Starting Update UTMP about System Boot/Shutdown...
[[0;32m  OK  [0m] Started Tell Plymouth To Write Out Runtime Data.
[[0;32m  OK  [0m] Started Update UTMP about System Boot/Shutdown.
[[0;32m  OK  [0m] Found device /dev/ttyS0.
[[0;32m  OK  [0m] Started LSB: AppArmor initialization.
[[0;32m  OK  [0m] Listening on Load/Save RF Kill Switch Status /dev/rfkill Watch.
[[0;32m  OK  [0m] Found device 82540EM Gigabit Ethern...r (PRO/1000 MT Desktop Adapter).
[[0;32m  OK  [0m] Found device 82540EM Gigabit Ethern...r (PRO/1000 MT Desktop Adapter).
[[0;32m  OK  [0m] Started Set console font and keymap.
[[0;32m  OK  [0m] Created slice system-getty.slice.
[   11.601676] cloud-init[500]: Cloud-init v. 19.4-33-gbb4131a2-0ubuntu1~16.04.1 running 'init-local' at Thu, 23 Apr 2020 14:12:50 +0000. Up 10.99 seconds.
[[0;32m  OK  [0m] Started Initial cloud-init job (pre-networking).
[[0;32m  OK  [0m] Reached target Network (Pre).
[[0;32m  OK  [0m] Started ifup for enp0s8.
[[0;32m  OK  [0m] Started ifup for enp0s3.
         Starting Raise network interfaces...
[[0;32m  OK  [0m] Started Raise network interfaces.
[[0;32m  OK  [0m] Reached target Network.
         Starting Initial cloud-init job (metadata service crawler)...
[   13.033516] cloud-init[1086]: Cloud-init v. 19.4-33-gbb4131a2-0ubuntu1~16.04.1 running 'init' at Thu, 23 Apr 2020 14:12:51 +0000. Up 12.47 seconds.
[   13.041503] cloud-init[1086]: ci-info: ++++++++++++++++++++++++++++++++++++++Net device info+++++++++++++++++++++++++++++++++++++++
[   13.053708] cloud-init[1086]: ci-info: +--------+------+-----------------------------+---------------+--------+-------------------+
[   13.060236] cloud-init[1086]: ci-info: | Device |  Up  |           Address           |      Mask     | Scope  |     Hw-Address    |
[   13.068438] cloud-init[1086]: ci-info: +--------+------+-----------------------------+---------------+--------+-------------------+
[   13.078974] cloud-init[1086]: ci-info: | enp0s3 | True |          10.0.2.15          | 255.255.255.0 | global | 02:90:e9:96:cf:60 |
[   13.089845] cloud-init[1086]: ci-info: | enp0s3 | True |  fe80::90:e9ff:fe96:cf60/64 |       .       |  link  | 02:90:e9:96:cf:60 |
[   13.101243] cloud-init[1086]: ci-info: | enp0s8 | True |        192.168.10.150       | 255.255.255.0 | global | 08:00:27:03:d2:f5 |
[   13.113982] cloud-init[1086]: ci-info: | enp0s8 | True | fe80::a00:27ff:fe03:d2f5/64 |       .       |  link  | 08:00:27:03:d2:f5 |
[   13.126325] cloud-init[1086]: ci-info: |   lo   | True |          127.0.0.1          |   255.0.0.0   |  host  |         .         |
[   13.135631] cloud-init[1086]: ci-info: |   lo   | True |           ::1/128           |       .       |  host  |         .         |
[   13.143167] cloud-init[1086]: ci-info: +--------+------+-----------------------------+---------------+--------+-------------------+
[   13.151239] cloud-init[1086]: ci-info: ++++++++++++++++++++++++++++Route IPv4 info++++++++++++++++++++++++++++
[   13.156736] cloud-init[1086]: ci-info: +-------+--------------+----------+---------------+-----------+-------+
[   13.163443] cloud-init[1086]: ci-info: | Route | Destination  | Gateway  |    Genmask    | Interface | Flags |
[   13.176940] cloud-init[1086]: ci-info: +-------+--------------+----------+---------------+-----------+-------+
[   13.183804] cloud-init[1086]: ci-info: |   0   |   0.0.0.0    | 10.0.2.2 |    0.0.0.0    |   enp0s3  |   UG  |
[   13.197651] cloud-init[1086]: ci-info: |   1   |   10.0.2.0   | 0.0.0.0  | 255.255.255.0 |   enp0s3  |   U   |
[   13.203032] cloud-init[1086]: ci-info: |   2   | 192.168.10.0 | 0.0.0.0  | 255.255.255.0 |   enp0s8  |   U   |
[   13.210159] cloud-init[1086]: ci-info: +-------+--------------+----------+---------------+-----------+-------+
[   13.215875] cloud-init[1086]: ci-info: +++++++++++++++++++Route IPv6 info+++++++++++++++++++
[   13.224076] cloud-init[1086]: ci-info: +-------+-------------+---------+-----------+-------+
[   13.237397] cloud-init[1086]: ci-info: | Route | Destination | Gateway | Interface | Flags |
[   13.243570] cloud-init[1086]: ci-info: +-------+-------------+---------+-----------+-------+
[   13.257753] cloud-init[1086]: ci-info: |   0   |  fe80::/64  |    ::   |   enp0s8  |   U   |
[   13.270459] cloud-init[1086]: ci-info: |   1   |  fe80::/64  |    ::   |   enp0s3  |   U   |
[   13.275771] cloud-init[1086]: ci-info: |   4   |   ff00::/8  |    ::   |   enp0s8  |   U   |
[   13.285247] [cloud-init[0;32m  OK  [0m[1086]: ] ci-info: |   5   |   ff00::/8  |    ::   |   enp0s3  |   U   |Started Initial cloud-init job (metadata service crawler).

[[0;32m  OK  [0m] Reached target Cloud-config availability.
[[0;32m  OK  [0m] Reached target Network is Online.
[   13.301547] cloud-init[1086]: ci-info: +-------+-------------+---------+-----------+-------+
         Starting iSCSI initiator daemon (iscsid)...
[[0;32m  OK  [0m] Reached target System Initialization.
         Starting Socket activation for snappy daemon.
[[0;32m  OK  [0m] Started Message of the Day.
[[0;32m  OK  [0m] Started Daily apt download activities.
[[0;32m  OK  [0m] Started Daily apt upgrade and clean activities.
[[0;32m  OK  [0m] Listening on D-Bus System Message Bus Socket.
[[0;32m  OK  [0m] Listening on ACPID Listen Socket.
[[0;32m  OK  [0m] Listening on UUID daemon activation socket.
[[0;32m  OK  [0m] Started Daily Cleanup of Temporary Directories.
[[0;32m  OK  [0m] Reached target Timers.
[[0;32m  OK  [0m] Started ACPI Events Check.
[[0;32m  OK  [0m] Reached target Paths.
         Starting LXD - unix socket.
[[0;32m  OK  [0m] Listening on Socket activation for snappy daemon.
[[0;32m  OK  [0m] Listening on LXD - unix socket.
[[0;32m  OK  [0m] Reached target Sockets.
[[0;32m  OK  [0m] Reached target Basic System.
[[0;32m  OK  [0m] Started Regular background program processing daemon.
[[0;32m  OK  [0m] Started ACPI event daemon.
[[0;32m  OK  [0m] Started D-Bus System Message Bus.
         Starting System Logging Service...
         Starting Login Service...
[[0;32m  OK  [0m] Started Deferred execution scheduler.
         Starting LSB: MD monitoring daemon...
         Starting Accounts Service...
         Starting /etc/rc.local Compatibility...
[[0;32m  OK  [0m] Started High-performance, schema-free document-oriented database.
         Starting LSB: Record successful boot for GRUB...
         Starting Virtualbox guest utils...
         Starting LXD - container startup/shutdown...
         Starting Snappy daemon...
         Starting OpenBSD Secure Shell server...
[[0;32m  OK  [0m] Started FUSE filesystem for LXC.
[[0;32m  OK  [0m] Started iSCSI initiator daemon (iscsid).
[[0;32m  OK  [0m] Started /etc/rc.local Compatibility.
[[0;32m  OK  [0m] Started System Logging Service.
[[0;32m  OK  [0m] Started Login Service.
[[0;32m  OK  [0m] Started Unattended Upgrades Shutdown.
         Starting Login to default iSCSI targets...
[[0;32m  OK  [0m] Started LSB: MD monitoring daemon.
[[0;32m  OK  [0m] Started Login to default iSCSI targets.
[[0;32m  OK  [0m] Reached target Remote File Systems (Pre).
[[0;32m  OK  [0m] Reached target Remote File Systems.
         Starting LSB: automatic crash report generation...
         Starting LSB: daemon to balance interrupts for SMP systems...
         Starting LSB: Set the CPU Frequency Scaling governor to "ondemand"...
         Starting Permit User Sessions...
[[0;32m  OK  [0m] Started Permit User Sessions.
         Starting Terminate Plymouth Boot Screen...
         Starting Hold until boot process finishes up...
         Starting Authenticate and Authorize Users to Run Privileged Tasks...
[[0;32m  OK  [0m] Started LSB: Record successful boot for GRUB.
[[0;32m  OK  [0m] Started Hold until boot process finishes up.
[[0;32m  OK  [0m] Started Terminate Plymouth Boot Screen.
[[0;32m  OK  [0m] Started OpenBSD Secure Shell server.
         Starting Set console scheme...
[[0;32m  OK  [0m] Started Getty on tty1.
[[0;32m  OK  [0m] Started Serial Getty on ttyS0.
[[0;32m  OK  [0m] Reached target Login Prompts.
[[0;32m  OK  [0m] Started LSB: Set the CPU Frequency Scaling governor to "ondemand".
[[0;32m  OK  [0m] Started Set console scheme.
[[0;32m  OK  [0m] Started Authenticate and Authorize Users to Run Privileged Tasks.
[[0;32m  OK  [0m] Started Accounts Service.
[[0;32m  OK  [0m] Started LSB: automatic crash report generation.
[[0;32m  OK  [0m] Started LSB: daemon to balance interrupts for SMP systems.
[[0;32m  OK  [0m] Started Virtualbox guest utils.
[[0;32m  OK  [0m] Started LXD - container startup/shutdown.
[[0;32m  OK  [0m] Created slice User Slice of vagrant.
         Starting User Manager for UID 1000...
[[0;32m  OK  [0m] Started Session 1 of user vagrant.
[[0;32m  OK  [0m] Started User Manager for UID 1000.
[[0;32m  OK  [0m] Started Snappy daemon.
         Starting Wait until snapd is fully seeded...
[[0;32m  OK  [0m] Started Wait until snapd is fully seeded.
[[0;32m  OK  [0m] Reached target Multi-User System.
[[0;32m  OK  [0m] Reached target Graphical Interface.
         Starting Update UTMP about System Runlevel Changes...
         Starting Apply the settings specified in cloud-config...
[[0;32m  OK  [0m] Started Update UTMP about System Runlevel Changes.
[   15.713308] cloud-init[1387]: Cloud-init v. 19.4-33-gbb4131a2-0ubuntu1~16.04.1 running 'modules:config' at Thu, 23 Apr 2020 14:12:54 +0000. Up 15.56 seconds.
[[0;32m  OK  [0m] Started Apply the settings specified in cloud-config.
         Starting Execute cloud user/final scripts...
[   17.213868] cloud-init[1447]: Cloud-init v. 19.4-33-gbb4131a2-0ubuntu1~16.04.1 running 'modules:final' at Thu, 23 Apr 2020 14:12:55 +0000. Up 16.38 seconds.
[   17.220856] cloud-init[1447]: Cloud-init v. 19.4-33-gbb4131a2-0ubuntu1~16.04.1 finished at Thu, 23 Apr 2020 14:12:56 +0000. Datasource DataSourceNoCloud [seed=/dev/sdb][dsmode=net].  Up 17.17 seconds
[[0;32m  OK  [0m] Started Execute cloud user/final scripts.
[[0;32m  OK  [0m] Reached target Cloud-init target.

Ubuntu 16.04.6 LTS ubuntu-xenial ttyS0

ubuntu-xenial login: 